2025-06-03 23:28:17 - ingestion_service.app - INFO - app.py:10 - Creating FastAPI application
2025-06-03 23:28:17 - ingestion_service.app - INFO - app.py:15 - Router included successfully
2025-06-03 23:28:17 - ingestion_service.app - INFO - app.py:19 - Starting up application - creating database and tables
2025-06-03 23:28:17 - ingestion_service.database - INFO - database.py:23 - Creating database tables
2025-06-03 23:28:17 - sqlalchemy.engine.Engine - INFO - base.py:1842 - select pg_catalog.version()
2025-06-03 23:28:17 - sqlalchemy.engine.Engine - INFO - base.py:1842 - [raw sql] {}
2025-06-03 23:28:17 - sqlalchemy.engine.Engine - INFO - base.py:1842 - select current_schema()
2025-06-03 23:28:17 - sqlalchemy.engine.Engine - INFO - base.py:1842 - [raw sql] {}
2025-06-03 23:28:17 - sqlalchemy.engine.Engine - INFO - base.py:1842 - show standard_conforming_strings
2025-06-03 23:28:17 - sqlalchemy.engine.Engine - INFO - base.py:1842 - [raw sql] {}
2025-06-03 23:28:17 - sqlalchemy.engine.Engine - INFO - base.py:2698 - BEGIN (implicit)
2025-06-03 23:28:17 - sqlalchemy.engine.Engine - INFO - base.py:1842 - SELECT pg_catalog.pg_class.relname 
FROM pg_catalog.pg_class JOIN pg_catalog.pg_namespace ON pg_catalog.pg_namespace.oid = pg_catalog.pg_class.relnamespace 
WHERE pg_catalog.pg_class.relname = %(table_name)s AND pg_catalog.pg_class.relkind = ANY (ARRAY[%(param_1)s, %(param_2)s, %(param_3)s, %(param_4)s, %(param_5)s]) AND pg_catalog.pg_table_is_visible(pg_catalog.pg_class.oid) AND pg_catalog.pg_namespace.nspname != %(nspname_1)s
2025-06-03 23:28:17 - sqlalchemy.engine.Engine - INFO - base.py:1842 - [generated in 0.00018s] {'table_name': 'balance_sheets', 'param_1': 'r', 'param_2': 'p', 'param_3': 'f', 'param_4': 'v', 'param_5': 'm', 'nspname_1': 'pg_catalog'}
2025-06-03 23:28:17 - sqlalchemy.engine.Engine - INFO - base.py:1842 - SELECT pg_catalog.pg_class.relname 
FROM pg_catalog.pg_class JOIN pg_catalog.pg_namespace ON pg_catalog.pg_namespace.oid = pg_catalog.pg_class.relnamespace 
WHERE pg_catalog.pg_class.relname = %(table_name)s AND pg_catalog.pg_class.relkind = ANY (ARRAY[%(param_1)s, %(param_2)s, %(param_3)s, %(param_4)s, %(param_5)s]) AND pg_catalog.pg_table_is_visible(pg_catalog.pg_class.oid) AND pg_catalog.pg_namespace.nspname != %(nspname_1)s
2025-06-03 23:28:17 - sqlalchemy.engine.Engine - INFO - base.py:1842 - [cached since 0.00292s ago] {'table_name': 'daily_prices', 'param_1': 'r', 'param_2': 'p', 'param_3': 'f', 'param_4': 'v', 'param_5': 'm', 'nspname_1': 'pg_catalog'}
2025-06-03 23:28:17 - sqlalchemy.engine.Engine - INFO - base.py:2704 - COMMIT
2025-06-03 23:28:17 - ingestion_service.database - INFO - database.py:28 - Database tables created successfully
2025-06-03 23:28:17 - ingestion_service.app - INFO - app.py:21 - Database and tables created successfully
